# JRE version: OpenJDK Runtime Environment (21.0.4) (build 21.0.4+-12508038-b607.1)
# Java VM: OpenJDK 64-Bit Server VM (21.0.4+-12508038-b607.1, mixed mode, tiered, compressed oops, compressed class ptrs, g1 gc, windows-amd64)
GC Precious Log:
 CardTable entry size: 512
 Card Set container configuration: InlinePtr #cards 5 size 8 Array Of Cards #cards 12 size 40 Howl #buckets 4 coarsen threshold 1843 Howl Bitmap #cards 512 size 80 coarsen threshold 460 Card regions per heap region 1 cards per card region 2048
 CPUs: 12 total, 12 available
 Memory: 7498M
 Large Page Support: Disabled
 NUMA Support: Disabled
 Compressed Oops: Enabled (32-bit)
 Heap Region Size: 1M
 Heap Min Capacity: 8M
 Heap Initial Capacity: 118M
 Heap Max Capacity: 1876M
 Pre-touch: Disabled
 Parallel Workers: 10
 Concurrent Workers: 3
 Concurrent Refinement Workers: 10
 Periodic GC: Disabled
Heap:
 garbage-first heap   total 176128K, used 122172K [0x000000008ac00000, 0x0000000100000000)
  region size 1024K, 12 young (12288K), 7 survivors (7168K)
 Metaspace       used 76325K, committed 77184K, reserved 1179648K
  class space    used 8185K, committed 8640K, reserved 1048576K
GC Heap History (20 events):
Event: 8.369 GC heap before
{Heap before GC invocations=29 (full 0):
 garbage-first heap   total 129024K, used 113852K [0x000000008ac00000, 0x0000000100000000)
  region size 1024K, 42 young (43008K), 5 survivors (5120K)
 Metaspace       used 63977K, committed 64704K, reserved 1114112K
  class space    used 7146K, committed 7488K, reserved 1048576K
}
Event: 8.373 GC heap after
{Heap after GC invocations=30 (full 0):
 garbage-first heap   total 129024K, used 79042K [0x000000008ac00000, 0x0000000100000000)
  region size 1024K, 4 young (4096K), 4 survivors (4096K)
 Metaspace       used 63977K, committed 64704K, reserved 1114112K
  class space    used 7146K, committed 7488K, reserved 1048576K
}
Event: 8.397 GC heap before
{Heap before GC invocations=30 (full 0):
 garbage-first heap   total 129024K, used 115906K [0x000000008ac00000, 0x0000000100000000)
  region size 1024K, 40 young (40960K), 4 survivors (4096K)
 Metaspace       used 63977K, committed 64704K, reserved 1114112K
  class space    used 7146K, committed 7488K, reserved 1048576K
}
Event: 8.402 GC heap after
{Heap after GC invocations=31 (full 0):
 garbage-first heap   total 129024K, used 83270K [0x000000008ac00000, 0x0000000100000000)
  region size 1024K, 5 young (5120K), 5 survivors (5120K)
 Metaspace       used 63977K, committed 64704K, reserved 1114112K
  class space    used 7146K, committed 7488K, reserved 1048576K
}
Event: 8.752 GC heap before
{Heap before GC invocations=32 (full 0):
 garbage-first heap   total 142336K, used 113990K [0x000000008ac00000, 0x0000000100000000)
  region size 1024K, 35 young (35840K), 5 survivors (5120K)
 Metaspace       used 64183K, committed 64896K, reserved 1114112K
  class space    used 7148K, committed 7488K, reserved 1048576K
}
Event: 8.758 GC heap after
{Heap after GC invocations=33 (full 0):
 garbage-first heap   total 142336K, used 88289K [0x000000008ac00000, 0x0000000100000000)
  region size 1024K, 5 young (5120K), 5 survivors (5120K)
 Metaspace       used 64183K, committed 64896K, reserved 1114112K
  class space    used 7148K, committed 7488K, reserved 1048576K
}
Event: 9.513 GC heap before
{Heap before GC invocations=33 (full 0):
 garbage-first heap   total 142336K, used 130273K [0x000000008ac00000, 0x0000000100000000)
  region size 1024K, 44 young (45056K), 5 survivors (5120K)
 Metaspace       used 64676K, committed 65408K, reserved 1114112K
  class space    used 7161K, committed 7488K, reserved 1048576K
}
Event: 9.525 GC heap after
{Heap after GC invocations=34 (full 0):
 garbage-first heap   total 171008K, used 93386K [0x000000008ac00000, 0x0000000100000000)
  region size 1024K, 4 young (4096K), 4 survivors (4096K)
 Metaspace       used 64676K, committed 65408K, reserved 1114112K
  class space    used 7161K, committed 7488K, reserved 1048576K
}
Event: 10.612 GC heap before
{Heap before GC invocations=34 (full 0):
 garbage-first heap   total 171008K, used 148682K [0x000000008ac00000, 0x0000000100000000)
  region size 1024K, 58 young (59392K), 4 survivors (4096K)
 Metaspace       used 65070K, committed 65792K, reserved 1114112K
  class space    used 7166K, committed 7488K, reserved 1048576K
}
Event: 10.619 GC heap after
{Heap after GC invocations=35 (full 0):
 garbage-first heap   total 171008K, used 97002K [0x000000008ac00000, 0x0000000100000000)
  region size 1024K, 8 young (8192K), 8 survivors (8192K)
 Metaspace       used 65070K, committed 65792K, reserved 1114112K
  class space    used 7166K, committed 7488K, reserved 1048576K
}
Event: 11.948 GC heap before
{Heap before GC invocations=35 (full 0):
 garbage-first heap   total 171008K, used 152298K [0x000000008ac00000, 0x0000000100000000)
  region size 1024K, 62 young (63488K), 8 survivors (8192K)
 Metaspace       used 65508K, committed 66240K, reserved 1114112K
  class space    used 7179K, committed 7552K, reserved 1048576K
}
Event: 11.961 GC heap after
{Heap after GC invocations=36 (full 0):
 garbage-first heap   total 171008K, used 101531K [0x000000008ac00000, 0x0000000100000000)
  region size 1024K, 8 young (8192K), 8 survivors (8192K)
 Metaspace       used 65508K, committed 66240K, reserved 1114112K
  class space    used 7179K, committed 7552K, reserved 1048576K
}
Event: 12.005 GC heap before
{Heap before GC invocations=36 (full 0):
 garbage-first heap   total 171008K, used 103579K [0x000000008ac00000, 0x0000000100000000)
  region size 1024K, 11 young (11264K), 8 survivors (8192K)
 Metaspace       used 65516K, committed 66240K, reserved 1114112K
  class space    used 7179K, committed 7552K, reserved 1048576K
}
Event: 12.013 GC heap after
{Heap after GC invocations=37 (full 0):
 garbage-first heap   total 171008K, used 103571K [0x000000008ac00000, 0x0000000100000000)
  region size 1024K, 2 young (2048K), 2 survivors (2048K)
 Metaspace       used 65516K, committed 66240K, reserved 1114112K
  class space    used 7179K, committed 7552K, reserved 1048576K
}
Event: 12.500 GC heap before
{Heap before GC invocations=38 (full 0):
 garbage-first heap   total 176128K, used 154771K [0x000000008ac00000, 0x0000000100000000)
  region size 1024K, 51 young (52224K), 2 survivors (2048K)
 Metaspace       used 66573K, committed 67328K, reserved 1114112K
  class space    used 7239K, committed 7616K, reserved 1048576K
}
Event: 12.503 GC heap after
{Heap after GC invocations=39 (full 0):
 garbage-first heap   total 176128K, used 105006K [0x000000008ac00000, 0x0000000100000000)
  region size 1024K, 3 young (3072K), 3 survivors (3072K)
 Metaspace       used 66573K, committed 67328K, reserved 1114112K
  class space    used 7239K, committed 7616K, reserved 1048576K
}
Event: 13.418 GC heap before
{Heap before GC invocations=39 (full 0):
 garbage-first heap   total 176128K, used 160302K [0x000000008ac00000, 0x0000000100000000)
  region size 1024K, 57 young (58368K), 3 survivors (3072K)
 Metaspace       used 73688K, committed 74496K, reserved 1179648K
  class space    used 7911K, committed 8320K, reserved 1048576K
}
Event: 13.429 GC heap after
{Heap after GC invocations=40 (full 0):
 garbage-first heap   total 176128K, used 107987K [0x000000008ac00000, 0x0000000100000000)
  region size 1024K, 8 young (8192K), 8 survivors (8192K)
 Metaspace       used 73688K, committed 74496K, reserved 1179648K
  class space    used 7911K, committed 8320K, reserved 1048576K
}
Event: 14.052 GC heap before
{Heap before GC invocations=40 (full 0):
 garbage-first heap   total 176128K, used 157139K [0x000000008ac00000, 0x0000000100000000)
  region size 1024K, 56 young (57344K), 8 survivors (8192K)
 Metaspace       used 76273K, committed 77120K, reserved 1179648K
  class space    used 8185K, committed 8640K, reserved 1048576K
}
Event: 14.067 GC heap after
{Heap after GC invocations=41 (full 0):
 garbage-first heap   total 176128K, used 118076K [0x000000008ac00000, 0x0000000100000000)
  region size 1024K, 7 young (7168K), 7 survivors (7168K)
 Metaspace       used 76273K, committed 77120K, reserved 1179648K
  class space    used 8185K, committed 8640K, reserved 1048576K
}

